<?xml version="1.0" encoding="UTF-8"?>
<testsuite xmlns:xsi="http://www.w3.org/2001/XMLSchema-instance" xsi:noNamespaceSchemaLocation="https://maven.apache.org/surefire/maven-surefire-plugin/xsd/surefire-test-report-3.0.xsd" version="3.0" name="com.tddexample.tdd.TddExampleApplicationTests" time="3.855" tests="3" errors="0" skipped="0" failures="0">
  <properties>
[...]
</properties>
  <testcase name="testImplements(Class)[1]" classname="com.tddexample.tdd.TddExampleApplicationTests" time="1.1">
    <system-out><![CDATA[01:59:45.085 [main] INFO org.springframework.test.context.support.AnnotationConfigContextLoaderUtils -- Could not detect default configuration classes for test class [com.tddexample.tdd.TddExampleApplicationTests]: TddExampleApplicationTests does not declare any static, non-private, non-final, nested classes annotated with @Configuration.
01:59:45.237 [main] INFO org.springframework.boot.test.context.SpringBootTestContextBootstrapper -- Found @SpringBootConfiguration com.tddexample.tdd.TddExampleApplication for test class com.tddexample.tdd.TddExampleApplicationTests

  .   ____          _            __ _ _
 /\\ / ___'_ __ _ _(_)_ __  __ _ \ \ \ \
( ( )\___ | '_ | '_| | '_ \/ _` | \ \ \ \
 \\/  ___)| |_)| | | | | || (_| |  ) ) ) )
  '  |____| .__|_| |_|_| |_\__, | / / / /
 =========|_|==============|___/=/_/_/_/
 :: Spring Boot ::                (v3.2.3)

2024-03-18T01:59:45.766-05:00  INFO 23540 --- [tdd-example] [           main] c.t.tdd.TddExampleApplicationTests       : Starting TddExampleApplicationTests using Java 17.0.8.1 with PID 23540 (started by hanna in C:\Users\hanna\Downloads\tdd-example)
2024-03-18T01:59:45.768-05:00  INFO 23540 --- [tdd-example] [           main] c.t.tdd.TddExampleApplicationTests       : No active profile set, falling back to 1 default profile: "default"
2024-03-18T01:59:47.568-05:00  INFO 23540 --- [tdd-example] [           main] c.t.tdd.TddExampleApplicationTests       : Started TddExampleApplicationTests in 2.129 seconds (process running for 3.696)
]]></system-out>
  </testcase>
  <testcase name="testImplements(Class)[2]" classname="com.tddexample.tdd.TddExampleApplicationTests" time="0.003"/>
  <testcase name="testInheritance" classname="com.tddexample.tdd.TddExampleApplicationTests" time="0.004"/>
</testsuite>